2025-05-22 16:31:16,730 - INFO - Using local ChromeDriver from c:\Users\jayav\Desktop\jv PROJECTS\ForensicCapture\ForensicCapture\drivers\chromedriver.exe
2025-05-22 16:31:17,997 - INFO - Navigating to https://mastodon.social/@gargron
2025-05-22 16:31:24,315 - INFO - Screenshot saved: screenshots/mastodon/public_profile_gargron_20250522_163124.png
2025-05-22 16:31:24,315 - INFO - Captured profile screenshot: screenshots/mastodon/public_profile_gargron_20250522_163124.png
2025-05-22 16:31:30,550 - INFO - Screenshot saved: screenshots/mastodon/public_posts_gargron_20250522_163130.png
2025-05-22 16:31:30,551 - INFO - Captured posts screenshot: screenshots/mastodon/public_posts_gargron_20250522_163130.png
2025-05-22 16:31:30,553 - INFO - Extraction completed successfully for gargron
2025-05-22 16:32:08,850 - INFO - Using local ChromeDriver from c:\Users\jayav\Desktop\jv PROJECTS\ForensicCapture\ForensicCapture\drivers\chromedriver.exe
2025-05-22 16:32:10,056 - INFO - Navigating to https://mastodon.social/@gargron
2025-05-22 16:32:16,738 - INFO - Screenshot saved: screenshots/mastodon/public_profile_gargron_20250522_163216.png
2025-05-22 16:32:16,738 - INFO - Captured profile screenshot: screenshots/mastodon/public_profile_gargron_20250522_163216.png
2025-05-22 16:32:23,003 - INFO - Screenshot saved: screenshots/mastodon/public_posts_gargron_20250522_163222.png
2025-05-22 16:32:23,004 - INFO - Captured posts screenshot: screenshots/mastodon/public_posts_gargron_20250522_163222.png
2025-05-22 16:32:23,005 - INFO - Extraction completed successfully for gargron
2025-05-22 16:32:50,335 - INFO - Using local ChromeDriver from c:\Users\jayav\Desktop\jv PROJECTS\ForensicCapture\ForensicCapture\drivers\chromedriver.exe
2025-05-22 16:32:51,541 - INFO - Navigating to https://mastodon.social/tags/gargron
2025-05-22 16:32:57,694 - INFO - Screenshot saved: screenshots/mastodon/hashtag_gargron_20250522_163257.png
2025-05-22 16:32:57,694 - INFO - Captured hashtag screenshot: screenshots/mastodon/hashtag_gargron_20250522_163257.png
2025-05-22 16:33:03,956 - INFO - Screenshot saved: screenshots/mastodon/hashtag_posts_gargron_20250522_163303.png
2025-05-22 16:33:03,956 - INFO - Captured posts screenshot: screenshots/mastodon/hashtag_posts_gargron_20250522_163303.png
2025-05-22 16:33:03,957 - INFO - Extraction completed successfully for hashtag gargron
