2025-05-22 18:38:53,151 - INFO - Using local ChromeDriver from C:\Users\jayav\Desktop\jv PROJECTS\ForensicCapture\ForensicCapture\drivers\chromedriver.exe
2025-05-22 18:38:54,420 - INFO - Navigating to https://www.reddit.com/user/Unidan
2025-05-22 18:39:02,556 - INFO - Screenshot saved: screenshots/reddit/public_profile_Unidan_20250522_183902.png
2025-05-22 18:39:02,556 - INFO - Captured profile screenshot: screenshots/reddit/public_profile_Unidan_20250522_183902.png
2025-05-22 18:39:08,777 - INFO - Screenshot saved: screenshots/reddit/public_posts_Unidan_20250522_183908.png
2025-05-22 18:39:08,784 - INFO - Captured posts screenshot: screenshots/reddit/public_posts_Unidan_20250522_183908.png
2025-05-22 18:39:08,785 - INFO - Extraction completed successfully for Unidan
2025-05-22 18:40:26,222 - INFO - Using local ChromeDriver from C:\Users\jayav\Desktop\jv PROJECTS\ForensicCapture\ForensicCapture\drivers\chromedriver.exe
2025-05-22 18:40:27,605 - INFO - Navigating to https://www.reddit.com/user/Unidan
2025-05-22 18:40:36,058 - INFO - Screenshot saved: screenshots/reddit/public_profile_Unidan_20250522_184035.png
2025-05-22 18:40:36,058 - INFO - Captured profile screenshot: screenshots/reddit/public_profile_Unidan_20250522_184035.png
2025-05-22 18:40:42,290 - INFO - Screenshot saved: screenshots/reddit/public_posts_Unidan_20250522_184042.png
2025-05-22 18:40:42,291 - INFO - Captured posts screenshot: screenshots/reddit/public_posts_Unidan_20250522_184042.png
2025-05-22 18:40:42,292 - INFO - Extraction completed successfully for Unidan
2025-05-22 18:40:59,046 - INFO - Using local ChromeDriver from C:\Users\jayav\Desktop\jv PROJECTS\ForensicCapture\ForensicCapture\drivers\chromedriver.exe
2025-05-22 18:41:00,269 - INFO - Navigating to https://www.reddit.com/r/Unidan
2025-05-22 18:41:09,329 - INFO - Screenshot saved: screenshots/reddit/subreddit_Unidan_20250522_184108.png
2025-05-22 18:41:09,329 - INFO - Captured subreddit screenshot: screenshots/reddit/subreddit_Unidan_20250522_184108.png
2025-05-22 18:41:15,856 - ERROR - Error extracting subreddit: Message: invalid session id: session deleted as the browser has closed the connection
from disconnected: not connected to DevTools
  (Session info: chrome=136.0.7103.114)
Stacktrace:
	GetHandleVerifier [0x00007FF6C76AEFA5+77893]
	GetHandleVerifier [0x00007FF6C76AF000+77984]
	(No symbol) [0x00007FF6C74791BA]
	(No symbol) [0x00007FF6C7464F15]
	(No symbol) [0x00007FF6C7489F04]
	(No symbol) [0x00007FF6C74FEACF]
	(No symbol) [0x00007FF6C751E972]
	(No symbol) [0x00007FF6C74F6F03]
	(No symbol) [0x00007FF6C74C0328]
	(No symbol) [0x00007FF6C74C1093]
	GetHandleVerifier [0x00007FF6C7967B6D+2931725]
	GetHandleVerifier [0x00007FF6C7962132+2908626]
	GetHandleVerifier [0x00007FF6C79800F3+3031443]
	GetHandleVerifier [0x00007FF6C76C91EA+184970]
	GetHandleVerifier [0x00007FF6C76D086F+215311]
	GetHandleVerifier [0x00007FF6C76B6EC4+110436]
	GetHandleVerifier [0x00007FF6C76B7072+110866]
	GetHandleVerifier [0x00007FF6C769D479+5401]
	BaseThreadInitThunk [0x00007FF9EFD1259D+29]
	RtlUserThreadStart [0x00007FF9F134AF58+40]

2025-05-22 18:43:55,708 - INFO - Using local ChromeDriver from C:\Users\jayav\Desktop\jv PROJECTS\ForensicCapture\ForensicCapture\drivers\chromedriver.exe
2025-05-22 18:43:56,933 - INFO - Navigating to https://mastodon.social/@gargron@mastodon.social
2025-05-22 18:44:03,937 - INFO - Screenshot saved: screenshots/mastodon/public_profile_gargron@mastodon.social_20250522_184403.png
2025-05-22 18:44:03,937 - INFO - Captured profile screenshot: screenshots/mastodon/public_profile_gargron@mastodon.social_20250522_184403.png
2025-05-22 18:44:10,247 - INFO - Screenshot saved: screenshots/mastodon/public_posts_gargron@mastodon.social_20250522_184410.png
2025-05-22 18:44:10,247 - INFO - Captured posts screenshot: screenshots/mastodon/public_posts_gargron@mastodon.social_20250522_184410.png
2025-05-22 18:44:10,248 - INFO - Extraction completed successfully for gargron@mastodon.social
2025-05-22 18:46:37,269 - INFO - Using local ChromeDriver from C:\Users\jayav\Desktop\jv PROJECTS\ForensicCapture\ForensicCapture\drivers\chromedriver.exe
2025-05-22 18:46:47,064 - ERROR - Instagram credentials not configured
2025-05-22 18:46:47,066 - ERROR - Default login failed
2025-05-22 18:48:18,485 - INFO - Using local ChromeDriver from C:\Users\jayav\Desktop\jv PROJECTS\ForensicCapture\ForensicCapture\drivers\chromedriver.exe
2025-05-22 18:48:31,199 - INFO - No cookie consent popup found
2025-05-22 18:49:06,564 - ERROR - Login verification failed: Message: 
Stacktrace:
	GetHandleVerifier [0x00007FF6C76AEFA5+77893]
	GetHandleVerifier [0x00007FF6C76AF000+77984]
	(No symbol) [0x00007FF6C74791BA]
	(No symbol) [0x00007FF6C74CF16D]
	(No symbol) [0x00007FF6C74CF41C]
	(No symbol) [0x00007FF6C7522237]
	(No symbol) [0x00007FF6C74F716F]
	(No symbol) [0x00007FF6C751F07F]
	(No symbol) [0x00007FF6C74F6F03]
	(No symbol) [0x00007FF6C74C0328]
	(No symbol) [0x00007FF6C74C1093]
	GetHandleVerifier [0x00007FF6C7967B6D+2931725]
	GetHandleVerifier [0x00007FF6C7962132+2908626]
	GetHandleVerifier [0x00007FF6C79800F3+3031443]
	GetHandleVerifier [0x00007FF6C76C91EA+184970]
	GetHandleVerifier [0x00007FF6C76D086F+215311]
	GetHandleVerifier [0x00007FF6C76B6EC4+110436]
	GetHandleVerifier [0x00007FF6C76B7072+110866]
	GetHandleVerifier [0x00007FF6C769D479+5401]
	BaseThreadInitThunk [0x00007FF9EFD1259D+29]
	RtlUserThreadStart [0x00007FF9F134AF58+40]

2025-05-22 18:58:18,652 - INFO - Browser closed
