2025-05-22 17:14:12,027 - INFO - Using local ChromeDriver from c:\Users\jayav\Desktop\jv PROJECTS\ForensicCapture\ForensicCapture\drivers\chromedriver.exe
2025-05-22 17:14:17,886 - ERROR - Instagram credentials not configured
2025-05-22 17:14:17,886 - ERROR - Default login failed
2025-05-22 17:14:26,945 - INFO - Using local ChromeDriver from c:\Users\jayav\Desktop\jv PROJECTS\ForensicCapture\ForensicCapture\drivers\chromedriver.exe
2025-05-22 17:14:34,489 - ERROR - Default login failed: Message: no such window: target window already closed
from unknown error: web view not found
  (Session info: chrome=136.0.7103.114)
Stacktrace:
	GetHandleVerifier [0x00007FF6C76AEFA5+77893]
	GetHandleVerifier [0x00007FF6C76AF000+77984]
	(No symbol) [0x00007FF6C74791BA]
	(No symbol) [0x00007FF6C7451B63]
	(No symbol) [0x00007FF6C74FE92E]
	(No symbol) [0x00007FF6C751E972]
	(No symbol) [0x00007FF6C74F6F03]
	(No symbol) [0x00007FF6C74C0328]
	(No symbol) [0x00007FF6C74C1093]
	GetHandleVerifier [0x00007FF6C7967B6D+2931725]
	GetHandleVerifier [0x00007FF6C7962132+2908626]
	GetHandleVerifier [0x00007FF6C79800F3+3031443]
	GetHandleVerifier [0x00007FF6C76C91EA+184970]
	GetHandleVerifier [0x00007FF6C76D086F+215311]
	GetHandleVerifier [0x00007FF6C76B6EC4+110436]
	GetHandleVerifier [0x00007FF6C76B7072+110866]
	GetHandleVerifier [0x00007FF6C769D479+5401]
	BaseThreadInitThunk [0x00007FF9EFD1259D+29]
	RtlUserThreadStart [0x00007FF9F134AF58+40]

2025-05-22 17:14:34,490 - ERROR - Default login failed
