2025-05-06 19:28:02,424 - INFO - No cookie consent popup found
2025-05-06 19:28:43,114 - ERROR - Login verification failed: Message: 
Stacktrace:
	GetHandleVerifier [0x00007FF74F28EFA5+77893]
	GetHandleVerifier [0x00007FF74F28F000+77984]
	(No symbol) [0x00007FF74F0591BA]
	(No symbol) [0x00007FF74F0AF16D]
	(No symbol) [0x00007FF74F0AF41C]
	(No symbol) [0x00007FF74F102237]
	(No symbol) [0x00007FF74F0D716F]
	(No symbol) [0x00007FF74F0FF07F]
	(No symbol) [0x00007FF74F0D6F03]
	(No symbol) [0x00007FF74F0A0328]
	(No symbol) [0x00007FF74F0A1093]
	GetHandleVerifier [0x00007FF74F547B6D+2931725]
	GetHandleVerifier [0x00007FF74F542132+2908626]
	GetHandleVerifier [0x00007FF74F5600F3+3031443]
	GetHandleVerifier [0x00007FF74F2A91EA+184970]
	GetHandleVerifier [0x00007FF74F2B086F+215311]
	GetHandleVerifier [0x00007FF74F296EC4+110436]
	GetHandleVerifier [0x00007FF74F297072+110866]
	GetHandleVerifier [0x00007FF74F27D479+5401]
	BaseThreadInitThunk [0x00007FFE0030E8D7+23]
	RtlUserThreadStart [0x00007FFE01CB14FC+44]

